[2022-03-04 18:05:46] local.ERROR: array_merge(): Expected parameter 2 to be an array, int given {"exception":"[object] (ErrorException(code: 0): array_merge(): Expected parameter 2 to be an array, int given at C:\\Users\\User\\Desktop\\laravel projects\\chatbot\\vendor\\laravel\\framework\\src\\Illuminate\\Support\\ServiceProvider.php:138)
[stacktrace]
#0 [internal function]: Illuminate\\Foundation\\Bootstrap\\HandleExceptions->handleError(2, 'array_merge(): ...', 'C:\\\\Users\\\\User\\\\D...', 138, Array)
#1 C:\\Users\\User\\Desktop\\laravel projects\\chatbot\\vendor\\laravel\\framework\\src\\Illuminate\\Support\\ServiceProvider.php(138): array_merge(Array, 1)
#2 C:\\Users\\User\\Desktop\\laravel projects\\chatbot\\vendor\\botman\\driver-web\\src\\Providers\\WebServiceProvider.php(26): Illuminate\\Support\\ServiceProvider->mergeConfigFrom('C:\\\\Users\\\\User\\\\D...', 'botman.web')
#3 C:\\Users\\User\\Desktop\\laravel projects\\chatbot\\vendor\\laravel\\framework\\src\\Illuminate\\Container\\BoundMethod.php(36): BotMan\\Drivers\\Web\\Providers\\WebServiceProvider->boot()
#4 C:\\Users\\User\\Desktop\\laravel projects\\chatbot\\vendor\\laravel\\framework\\src\\Illuminate\\Container\\Util.php(40): Illuminate\\Container\\BoundMethod::Illuminate\\Container\\{closure}()
#5 C:\\Users\\User\\Desktop\\laravel projects\\chatbot\\vendor\\laravel\\framework\\src\\Illuminate\\Container\\BoundMethod.php(93): Illuminate\\Container\\Util::unwrapIfClosure(Object(Closure))
#6 C:\\Users\\User\\Desktop\\laravel projects\\chatbot\\vendor\\laravel\\framework\\src\\Illuminate\\Container\\BoundMethod.php(37): Illuminate\\Container\\BoundMethod::callBoundMethod(Object(Illuminate\\Foundation\\Application), Array, Object(Closure))
#7 C:\\Users\\User\\Desktop\\laravel projects\\chatbot\\vendor\\laravel\\framework\\src\\Illuminate\\Container\\Container.php(653): Illuminate\\Container\\BoundMethod::call(Object(Illuminate\\Foundation\\Application), Array, Array, NULL)
#8 C:\\Users\\User\\Desktop\\laravel projects\\chatbot\\vendor\\laravel\\framework\\src\\Illuminate\\Foundation\\Application.php(924): Illuminate\\Container\\Container->call(Array)
#9 C:\\Users\\User\\Desktop\\laravel projects\\chatbot\\vendor\\laravel\\framework\\src\\Illuminate\\Foundation\\Application.php(905): Illuminate\\Foundation\\Application->bootProvider(Object(BotMan\\Drivers\\Web\\Providers\\WebServiceProvider))
#10 [internal function]: Illuminate\\Foundation\\Application->Illuminate\\Foundation\\{closure}(Object(BotMan\\Drivers\\Web\\Providers\\WebServiceProvider), 17)
#11 C:\\Users\\User\\Desktop\\laravel projects\\chatbot\\vendor\\laravel\\framework\\src\\Illuminate\\Foundation\\Application.php(906): array_walk(Array, Object(Closure))
#12 C:\\Users\\User\\Desktop\\laravel projects\\chatbot\\vendor\\laravel\\framework\\src\\Illuminate\\Foundation\\Bootstrap\\BootProviders.php(17): Illuminate\\Foundation\\Application->boot()
#13 C:\\Users\\User\\Desktop\\laravel projects\\chatbot\\vendor\\laravel\\framework\\src\\Illuminate\\Foundation\\Application.php(237): Illuminate\\Foundation\\Bootstrap\\BootProviders->bootstrap(Object(Illuminate\\Foundation\\Application))
#14 C:\\Users\\User\\Desktop\\laravel projects\\chatbot\\vendor\\laravel\\framework\\src\\Illuminate\\Foundation\\Console\\Kernel.php(310): Illuminate\\Foundation\\Application->bootstrapWith(Array)
#15 C:\\Users\\User\\Desktop\\laravel projects\\chatbot\\vendor\\laravel\\framework\\src\\Illuminate\\Foundation\\Console\\Kernel.php(127): Illuminate\\Foundation\\Console\\Kernel->bootstrap()
#16 Command line code(1): Illuminate\\Foundation\\Console\\Kernel->handle(Object(Symfony\\Component\\Console\\Input\\ArgvInput), Object(Symfony\\Component\\Console\\Output\\ConsoleOutput))
#17 {main}
"} 
[2022-03-04 18:06:33] local.ERROR: array_merge(): Expected parameter 2 to be an array, int given {"exception":"[object] (ErrorException(code: 0): array_merge(): Expected parameter 2 to be an array, int given at C:\\Users\\User\\Desktop\\laravel projects\\chatbot\\vendor\\laravel\\framework\\src\\Illuminate\\Support\\ServiceProvider.php:138)
[stacktrace]
#0 [internal function]: Illuminate\\Foundation\\Bootstrap\\HandleExceptions->handleError(2, 'array_merge(): ...', 'C:\\\\Users\\\\User\\\\D...', 138, Array)
#1 C:\\Users\\User\\Desktop\\laravel projects\\chatbot\\vendor\\laravel\\framework\\src\\Illuminate\\Support\\ServiceProvider.php(138): array_merge(Array, 1)
#2 C:\\Users\\User\\Desktop\\laravel projects\\chatbot\\vendor\\botman\\driver-web\\src\\Providers\\WebServiceProvider.php(26): Illuminate\\Support\\ServiceProvider->mergeConfigFrom('C:\\\\Users\\\\User\\\\D...', 'botman.web')
#3 C:\\Users\\User\\Desktop\\laravel projects\\chatbot\\vendor\\laravel\\framework\\src\\Illuminate\\Container\\BoundMethod.php(36): BotMan\\Drivers\\Web\\Providers\\WebServiceProvider->boot()
#4 C:\\Users\\User\\Desktop\\laravel projects\\chatbot\\vendor\\laravel\\framework\\src\\Illuminate\\Container\\Util.php(40): Illuminate\\Container\\BoundMethod::Illuminate\\Container\\{closure}()
#5 C:\\Users\\User\\Desktop\\laravel projects\\chatbot\\vendor\\laravel\\framework\\src\\Illuminate\\Container\\BoundMethod.php(93): Illuminate\\Container\\Util::unwrapIfClosure(Object(Closure))
#6 C:\\Users\\User\\Desktop\\laravel projects\\chatbot\\vendor\\laravel\\framework\\src\\Illuminate\\Container\\BoundMethod.php(37): Illuminate\\Container\\BoundMethod::callBoundMethod(Object(Illuminate\\Foundation\\Application), Array, Object(Closure))
#7 C:\\Users\\User\\Desktop\\laravel projects\\chatbot\\vendor\\laravel\\framework\\src\\Illuminate\\Container\\Container.php(653): Illuminate\\Container\\BoundMethod::call(Object(Illuminate\\Foundation\\Application), Array, Array, NULL)
#8 C:\\Users\\User\\Desktop\\laravel projects\\chatbot\\vendor\\laravel\\framework\\src\\Illuminate\\Foundation\\Application.php(924): Illuminate\\Container\\Container->call(Array)
#9 C:\\Users\\User\\Desktop\\laravel projects\\chatbot\\vendor\\laravel\\framework\\src\\Illuminate\\Foundation\\Application.php(905): Illuminate\\Foundation\\Application->bootProvider(Object(BotMan\\Drivers\\Web\\Providers\\WebServiceProvider))
#10 [internal function]: Illuminate\\Foundation\\Application->Illuminate\\Foundation\\{closure}(Object(BotMan\\Drivers\\Web\\Providers\\WebServiceProvider), 17)
#11 C:\\Users\\User\\Desktop\\laravel projects\\chatbot\\vendor\\laravel\\framework\\src\\Illuminate\\Foundation\\Application.php(906): array_walk(Array, Object(Closure))
#12 C:\\Users\\User\\Desktop\\laravel projects\\chatbot\\vendor\\laravel\\framework\\src\\Illuminate\\Foundation\\Bootstrap\\BootProviders.php(17): Illuminate\\Foundation\\Application->boot()
#13 C:\\Users\\User\\Desktop\\laravel projects\\chatbot\\vendor\\laravel\\framework\\src\\Illuminate\\Foundation\\Application.php(237): Illuminate\\Foundation\\Bootstrap\\BootProviders->bootstrap(Object(Illuminate\\Foundation\\Application))
#14 C:\\Users\\User\\Desktop\\laravel projects\\chatbot\\vendor\\laravel\\framework\\src\\Illuminate\\Foundation\\Console\\Kernel.php(310): Illuminate\\Foundation\\Application->bootstrapWith(Array)
#15 C:\\Users\\User\\Desktop\\laravel projects\\chatbot\\vendor\\laravel\\framework\\src\\Illuminate\\Foundation\\Console\\Kernel.php(127): Illuminate\\Foundation\\Console\\Kernel->bootstrap()
#16 Command line code(1): Illuminate\\Foundation\\Console\\Kernel->handle(Object(Symfony\\Component\\Console\\Input\\ArgvInput), Object(Symfony\\Component\\Console\\Output\\ConsoleOutput))
#17 {main}
"} 
[2022-03-04 18:06:33] local.ERROR: array_merge(): Expected parameter 2 to be an array, int given {"exception":"[object] (ErrorException(code: 0): array_merge(): Expected parameter 2 to be an array, int given at C:\\Users\\User\\Desktop\\laravel projects\\chatbot\\vendor\\laravel\\framework\\src\\Illuminate\\Support\\ServiceProvider.php:138)
[stacktrace]
#0 [internal function]: Illuminate\\Foundation\\Bootstrap\\HandleExceptions->handleError(2, 'array_merge(): ...', 'C:\\\\Users\\\\User\\\\D...', 138, Array)
#1 C:\\Users\\User\\Desktop\\laravel projects\\chatbot\\vendor\\laravel\\framework\\src\\Illuminate\\Support\\ServiceProvider.php(138): array_merge(Array, 1)
#2 C:\\Users\\User\\Desktop\\laravel projects\\chatbot\\vendor\\botman\\driver-web\\src\\Providers\\WebServiceProvider.php(26): Illuminate\\Support\\ServiceProvider->mergeConfigFrom('C:\\\\Users\\\\User\\\\D...', 'botman.web')
#3 C:\\Users\\User\\Desktop\\laravel projects\\chatbot\\vendor\\laravel\\framework\\src\\Illuminate\\Container\\BoundMethod.php(36): BotMan\\Drivers\\Web\\Providers\\WebServiceProvider->boot()
#4 C:\\Users\\User\\Desktop\\laravel projects\\chatbot\\vendor\\laravel\\framework\\src\\Illuminate\\Container\\Util.php(40): Illuminate\\Container\\BoundMethod::Illuminate\\Container\\{closure}()
#5 C:\\Users\\User\\Desktop\\laravel projects\\chatbot\\vendor\\laravel\\framework\\src\\Illuminate\\Container\\BoundMethod.php(93): Illuminate\\Container\\Util::unwrapIfClosure(Object(Closure))
#6 C:\\Users\\User\\Desktop\\laravel projects\\chatbot\\vendor\\laravel\\framework\\src\\Illuminate\\Container\\BoundMethod.php(37): Illuminate\\Container\\BoundMethod::callBoundMethod(Object(Illuminate\\Foundation\\Application), Array, Object(Closure))
#7 C:\\Users\\User\\Desktop\\laravel projects\\chatbot\\vendor\\laravel\\framework\\src\\Illuminate\\Container\\Container.php(653): Illuminate\\Container\\BoundMethod::call(Object(Illuminate\\Foundation\\Application), Array, Array, NULL)
#8 C:\\Users\\User\\Desktop\\laravel projects\\chatbot\\vendor\\laravel\\framework\\src\\Illuminate\\Foundation\\Application.php(924): Illuminate\\Container\\Container->call(Array)
#9 C:\\Users\\User\\Desktop\\laravel projects\\chatbot\\vendor\\laravel\\framework\\src\\Illuminate\\Foundation\\Application.php(905): Illuminate\\Foundation\\Application->bootProvider(Object(BotMan\\Drivers\\Web\\Providers\\WebServiceProvider))
#10 [internal function]: Illuminate\\Foundation\\Application->Illuminate\\Foundation\\{closure}(Object(BotMan\\Drivers\\Web\\Providers\\WebServiceProvider), 17)
#11 C:\\Users\\User\\Desktop\\laravel projects\\chatbot\\vendor\\laravel\\framework\\src\\Illuminate\\Foundation\\Application.php(906): array_walk(Array, Object(Closure))
#12 C:\\Users\\User\\Desktop\\laravel projects\\chatbot\\vendor\\laravel\\framework\\src\\Illuminate\\Foundation\\Bootstrap\\BootProviders.php(17): Illuminate\\Foundation\\Application->boot()
#13 C:\\Users\\User\\Desktop\\laravel projects\\chatbot\\vendor\\laravel\\framework\\src\\Illuminate\\Foundation\\Application.php(237): Illuminate\\Foundation\\Bootstrap\\BootProviders->bootstrap(Object(Illuminate\\Foundation\\Application))
#14 C:\\Users\\User\\Desktop\\laravel projects\\chatbot\\vendor\\laravel\\framework\\src\\Illuminate\\Foundation\\Console\\Kernel.php(310): Illuminate\\Foundation\\Application->bootstrapWith(Array)
#15 C:\\Users\\User\\Desktop\\laravel projects\\chatbot\\vendor\\laravel\\framework\\src\\Illuminate\\Foundation\\Console\\Kernel.php(127): Illuminate\\Foundation\\Console\\Kernel->bootstrap()
#16 Command line code(1): Illuminate\\Foundation\\Console\\Kernel->handle(Object(Symfony\\Component\\Console\\Input\\ArgvInput), Object(Symfony\\Component\\Console\\Output\\ConsoleOutput))
#17 {main}
"} 
[2022-03-04 18:06:49] local.ERROR: array_merge(): Expected parameter 2 to be an array, int given {"exception":"[object] (ErrorException(code: 0): array_merge(): Expected parameter 2 to be an array, int given at C:\\Users\\User\\Desktop\\laravel projects\\chatbot\\vendor\\laravel\\framework\\src\\Illuminate\\Support\\ServiceProvider.php:138)
[stacktrace]
#0 [internal function]: Illuminate\\Foundation\\Bootstrap\\HandleExceptions->handleError(2, 'array_merge(): ...', 'C:\\\\Users\\\\User\\\\D...', 138, Array)
#1 C:\\Users\\User\\Desktop\\laravel projects\\chatbot\\vendor\\laravel\\framework\\src\\Illuminate\\Support\\ServiceProvider.php(138): array_merge(Array, 1)
#2 C:\\Users\\User\\Desktop\\laravel projects\\chatbot\\vendor\\botman\\driver-web\\src\\Providers\\WebServiceProvider.php(26): Illuminate\\Support\\ServiceProvider->mergeConfigFrom('C:\\\\Users\\\\User\\\\D...', 'botman.web')
#3 C:\\Users\\User\\Desktop\\laravel projects\\chatbot\\vendor\\laravel\\framework\\src\\Illuminate\\Container\\BoundMethod.php(36): BotMan\\Drivers\\Web\\Providers\\WebServiceProvider->boot()
#4 C:\\Users\\User\\Desktop\\laravel projects\\chatbot\\vendor\\laravel\\framework\\src\\Illuminate\\Container\\Util.php(40): Illuminate\\Container\\BoundMethod::Illuminate\\Container\\{closure}()
#5 C:\\Users\\User\\Desktop\\laravel projects\\chatbot\\vendor\\laravel\\framework\\src\\Illuminate\\Container\\BoundMethod.php(93): Illuminate\\Container\\Util::unwrapIfClosure(Object(Closure))
#6 C:\\Users\\User\\Desktop\\laravel projects\\chatbot\\vendor\\laravel\\framework\\src\\Illuminate\\Container\\BoundMethod.php(37): Illuminate\\Container\\BoundMethod::callBoundMethod(Object(Illuminate\\Foundation\\Application), Array, Object(Closure))
#7 C:\\Users\\User\\Desktop\\laravel projects\\chatbot\\vendor\\laravel\\framework\\src\\Illuminate\\Container\\Container.php(653): Illuminate\\Container\\BoundMethod::call(Object(Illuminate\\Foundation\\Application), Array, Array, NULL)
#8 C:\\Users\\User\\Desktop\\laravel projects\\chatbot\\vendor\\laravel\\framework\\src\\Illuminate\\Foundation\\Application.php(924): Illuminate\\Container\\Container->call(Array)
#9 C:\\Users\\User\\Desktop\\laravel projects\\chatbot\\vendor\\laravel\\framework\\src\\Illuminate\\Foundation\\Application.php(905): Illuminate\\Foundation\\Application->bootProvider(Object(BotMan\\Drivers\\Web\\Providers\\WebServiceProvider))
#10 [internal function]: Illuminate\\Foundation\\Application->Illuminate\\Foundation\\{closure}(Object(BotMan\\Drivers\\Web\\Providers\\WebServiceProvider), 17)
#11 C:\\Users\\User\\Desktop\\laravel projects\\chatbot\\vendor\\laravel\\framework\\src\\Illuminate\\Foundation\\Application.php(906): array_walk(Array, Object(Closure))
#12 C:\\Users\\User\\Desktop\\laravel projects\\chatbot\\vendor\\laravel\\framework\\src\\Illuminate\\Foundation\\Bootstrap\\BootProviders.php(17): Illuminate\\Foundation\\Application->boot()
#13 C:\\Users\\User\\Desktop\\laravel projects\\chatbot\\vendor\\laravel\\framework\\src\\Illuminate\\Foundation\\Application.php(237): Illuminate\\Foundation\\Bootstrap\\BootProviders->bootstrap(Object(Illuminate\\Foundation\\Application))
#14 C:\\Users\\User\\Desktop\\laravel projects\\chatbot\\vendor\\laravel\\framework\\src\\Illuminate\\Foundation\\Console\\Kernel.php(310): Illuminate\\Foundation\\Application->bootstrapWith(Array)
#15 C:\\Users\\User\\Desktop\\laravel projects\\chatbot\\vendor\\laravel\\framework\\src\\Illuminate\\Foundation\\Console\\Kernel.php(127): Illuminate\\Foundation\\Console\\Kernel->bootstrap()
#16 Command line code(1): Illuminate\\Foundation\\Console\\Kernel->handle(Object(Symfony\\Component\\Console\\Input\\ArgvInput), Object(Symfony\\Component\\Console\\Output\\ConsoleOutput))
#17 {main}
"} 
[2022-03-04 18:27:11] local.ERROR: syntax error, unexpected ')' {"exception":"[object] (ParseError(code: 0): syntax error, unexpected ')' at C:\\Users\\User\\Desktop\\laravel projects\\chatbot\outes\\web.php:21)
[stacktrace]
#0 C:\\Users\\User\\Desktop\\laravel projects\\chatbot\\vendor\\laravel\\framework\\src\\Illuminate\\Routing\\Router.php(425): Illuminate\\Routing\\RouteFileRegistrar->register('C:\\\\Users\\\\User\\\\D...')
#1 C:\\Users\\User\\Desktop\\laravel projects\\chatbot\\vendor\\laravel\\framework\\src\\Illuminate\\Routing\\Router.php(382): Illuminate\\Routing\\Router->loadRoutes('C:\\\\Users\\\\User\\\\D...')
#2 C:\\Users\\User\\Desktop\\laravel projects\\chatbot\\vendor\\laravel\\framework\\src\\Illuminate\\Routing\\RouteRegistrar.php(163): Illuminate\\Routing\\Router->group(Array, 'C:\\\\Users\\\\User\\\\D...')
#3 C:\\Users\\User\\Desktop\\laravel projects\\chatbot\\app\\Providers\\RouteServiceProvider.php(48): Illuminate\\Routing\\RouteRegistrar->group('C:\\\\Users\\\\User\\\\D...')
#4 C:\\Users\\User\\Desktop\\laravel projects\\chatbot\\vendor\\laravel\\framework\\src\\Illuminate\\Container\\BoundMethod.php(36): App\\Providers\\RouteServiceProvider->App\\Providers\\{closure}()
#5 C:\\Users\\User\\Desktop\\laravel projects\\chatbot\\vendor\\laravel\\framework\\src\\Illuminate\\Container\\Util.php(40): Illuminate\\Container\\BoundMethod::Illuminate\\Container\\{closure}()
#6 C:\\Users\\User\\Desktop\\laravel projects\\chatbot\\vendor\\laravel\\framework\\src\\Illuminate\\Container\\BoundMethod.php(81): Illuminate\\Container\\Util::unwrapIfClosure(Object(Closure))
#7 C:\\Users\\User\\Desktop\\laravel projects\\chatbot\\vendor\\laravel\\framework\\src\\Illuminate\\Container\\BoundMethod.php(37): Illuminate\\Container\\BoundMethod::callBoundMethod(Object(Illuminate\\Foundation\\Application), Object(Closure), Object(Closure))
#8 C:\\Users\\User\\Desktop\\laravel projects\\chatbot\\vendor\\laravel\\framework\\src\\Illuminate\\Container\\Container.php(653): Illuminate\\Container\\BoundMethod::call(Object(Illuminate\\Foundation\\Application), Object(Closure), Array, NULL)
#9 C:\\Users\\User\\Desktop\\laravel projects\\chatbot\\vendor\\laravel\\framework\\src\\Illuminate\\Foundation\\Support\\Providers\\RouteServiceProvider.php(120): Illuminate\\Container\\Container->call(Object(Closure))
#10 C:\\Users\\User\\Desktop\\laravel projects\\chatbot\\vendor\\laravel\\framework\\src\\Illuminate\\Foundation\\Support\\Providers\\RouteServiceProvider.php(45): Illuminate\\Foundation\\Support\\Providers\\RouteServiceProvider->loadRoutes()
#11 C:\\Users\\User\\Desktop\\laravel projects\\chatbot\\vendor\\laravel\\framework\\src\\Illuminate\\Container\\BoundMethod.php(36): Illuminate\\Foundation\\Support\\Providers\\RouteServiceProvider->Illuminate\\Foundation\\Support\\Providers\\{closure}()
#12 C:\\Users\\User\\Desktop\\laravel projects\\chatbot\\vendor\\laravel\\framework\\src\\Illuminate\\Container\\Util.php(40): Illuminate\\Container\\BoundMethod::Illuminate\\Container\\{closure}()
#13 C:\\Users\\User\\Desktop\\laravel projects\\chatbot\\vendor\\laravel\\framework\\src\\Illuminate\\Container\\BoundMethod.php(81): Illuminate\\Container\\Util::unwrapIfClosure(Object(Closure))
#14 C:\\Users\\User\\Desktop\\laravel projects\\chatbot\\vendor\\laravel\\framework\\src\\Illuminate\\Container\\BoundMethod.php(37): Illuminate\\Container\\BoundMethod::callBoundMethod(Object(Illuminate\\Foundation\\Application), Object(Closure), Object(Closure))
#15 C:\\Users\\User\\Desktop\\laravel projects\\chatbot\\vendor\\laravel\\framework\\src\\Illuminate\\Container\\Container.php(653): Illuminate\\Container\\BoundMethod::call(Object(Illuminate\\Foundation\\Application), Object(Closure), Array, NULL)
#16 C:\\Users\\User\\Desktop\\laravel projects\\chatbot\\vendor\\laravel\\framework\\src\\Illuminate\\Support\\ServiceProvider.php(119): Illuminate\\Container\\Container->call(Object(Closure))
#17 C:\\Users\\User\\Desktop\\laravel projects\\chatbot\\vendor\\laravel\\framework\\src\\Illuminate\\Foundation\\Application.php(927): Illuminate\\Support\\ServiceProvider->callBootedCallbacks()
#18 C:\\Users\\User\\Desktop\\laravel projects\\chatbot\\vendor\\laravel\\framework\\src\\Illuminate\\Foundation\\Application.php(905): Illuminate\\Foundation\\Application->bootProvider(Object(App\\Providers\\RouteServiceProvider))
#19 [internal function]: Illuminate\\Foundation\\Application->Illuminate\\Foundation\\{closure}(Object(App\\Providers\\RouteServiceProvider), 26)
#20 C:\\Users\\User\\Desktop\\laravel projects\\chatbot\\vendor\\laravel\\framework\\src\\Illuminate\\Foundation\\Application.php(906): array_walk(Array, Object(Closure))
#21 C:\\Users\\User\\Desktop\\laravel projects\\chatbot\\vendor\\laravel\\framework\\src\\Illuminate\\Foundation\\Bootstrap\\BootProviders.php(17): Illuminate\\Foundation\\Application->boot()
#22 C:\\Users\\User\\Desktop\\laravel projects\\chatbot\\vendor\\laravel\\framework\\src\\Illuminate\\Foundation\\Application.php(237): Illuminate\\Foundation\\Bootstrap\\BootProviders->bootstrap(Object(Illuminate\\Foundation\\Application))
#23 C:\\Users\\User\\Desktop\\laravel projects\\chatbot\\vendor\\laravel\\framework\\src\\Illuminate\\Foundation\\Console\\Kernel.php(310): Illuminate\\Foundation\\Application->bootstrapWith(Array)
#24 C:\\Users\\User\\Desktop\\laravel projects\\chatbot\\vendor\\laravel\\framework\\src\\Illuminate\\Foundation\\Console\\Kernel.php(127): Illuminate\\Foundation\\Console\\Kernel->bootstrap()
#25 Command line code(1): Illuminate\\Foundation\\Console\\Kernel->handle(Object(Symfony\\Component\\Console\\Input\\ArgvInput), Object(Symfony\\Component\\Console\\Output\\ConsoleOutput))
#26 {main}
"} 
[2022-03-04 18:27:18] local.ERROR: Invalid route action: [App\Http\Controllers\BotManController]. {"exception":"[object] (UnexpectedValueException(code: 0): Invalid route action: [App\\Http\\Controllers\\BotManController]. at C:\\Users\\User\\Desktop\\laravel projects\\chatbot\\vendor\\laravel\\framework\\src\\Illuminate\\Routing\\RouteAction.php:92)
[stacktrace]
#0 C:\\Users\\User\\Desktop\\laravel projects\\chatbot\\vendor\\laravel\\framework\\src\\Illuminate\\Routing\\RouteAction.php(47): Illuminate\\Routing\\RouteAction::makeInvokable('App\\\\Http\\\\Contro...')
#1 C:\\Users\\User\\Desktop\\laravel projects\\chatbot\\vendor\\laravel\\framework\\src\\Illuminate\\Routing\\Route.php(191): Illuminate\\Routing\\RouteAction::parse('botman', Array)
#2 C:\\Users\\User\\Desktop\\laravel projects\\chatbot\\vendor\\laravel\\framework\\src\\Illuminate\\Routing\\Route.php(172): Illuminate\\Routing\\Route->parseAction(Array)
#3 C:\\Users\\User\\Desktop\\laravel projects\\chatbot\\vendor\\laravel\\framework\\src\\Illuminate\\Routing\\Router.php(583): Illuminate\\Routing\\Route->__construct(Array, 'botman', Array)
#4 C:\\Users\\User\\Desktop\\laravel projects\\chatbot\\vendor\\laravel\\framework\\src\\Illuminate\\Routing\\Router.php(476): Illuminate\\Routing\\Router->newRoute(Array, 'botman', Array)
#5 C:\\Users\\User\\Desktop\\laravel projects\\chatbot\\vendor\\laravel\\framework\\src\\Illuminate\\Routing\\Router.php(455): Illuminate\\Routing\\Router->createRoute(Array, 'botman', Array)
#6 C:\\Users\\User\\Desktop\\laravel projects\\chatbot\\vendor\\laravel\\framework\\src\\Illuminate\\Routing\\Router.php(295): Illuminate\\Routing\\Router->addRoute(Array, 'botman', 'App\\\\Http\\\\Contro...')
#7 C:\\Users\\User\\Desktop\\laravel projects\\chatbot\\vendor\\laravel\\framework\\src\\Illuminate\\Support\\Facades\\Facade.php(261): Illuminate\\Routing\\Router->match(Array, 'botman', 'App\\\\Http\\\\Contro...', 'handle')
#8 C:\\Users\\User\\Desktop\\laravel projects\\chatbot\outes\\web.php(21): Illuminate\\Support\\Facades\\Facade::__callStatic('match', Array)
#9 C:\\Users\\User\\Desktop\\laravel projects\\chatbot\\vendor\\laravel\\framework\\src\\Illuminate\\Routing\\RouteFileRegistrar.php(35): require('C:\\\\Users\\\\User\\\\D...')
#10 C:\\Users\\User\\Desktop\\laravel projects\\chatbot\\vendor\\laravel\\framework\\src\\Illuminate\\Routing\\Router.php(425): Illuminate\\Routing\\RouteFileRegistrar->register('C:\\\\Users\\\\User\\\\D...')
#11 C:\\Users\\User\\Desktop\\laravel projects\\chatbot\\vendor\\laravel\\framework\\src\\Illuminate\\Routing\\Router.php(382): Illuminate\\Routing\\Router->loadRoutes('C:\\\\Users\\\\User\\\\D...')
#12 C:\\Users\\User\\Desktop\\laravel projects\\chatbot\\vendor\\laravel\\framework\\src\\Illuminate\\Routing\\RouteRegistrar.php(163): Illuminate\\Routing\\Router->group(Array, 'C:\\\\Users\\\\User\\\\D...')
#13 C:\\Users\\User\\Desktop\\laravel projects\\chatbot\\app\\Providers\\RouteServiceProvider.php(48): Illuminate\\Routing\\RouteRegistrar->group('C:\\\\Users\\\\User\\\\D...')
#14 C:\\Users\\User\\Desktop\\laravel projects\\chatbot\\vendor\\laravel\\framework\\src\\Illuminate\\Container\\BoundMethod.php(36): App\\Providers\\RouteServiceProvider->App\\Providers\\{closure}()
#15 C:\\Users\\User\\Desktop\\laravel projects\\chatbot\\vendor\\laravel\\framework\\src\\Illuminate\\Container\\Util.php(40): Illuminate\\Container\\BoundMethod::Illuminate\\Container\\{closure}()
#16 C:\\Users\\User\\Desktop\\laravel projects\\chatbot\\vendor\\laravel\\framework\\src\\Illuminate\\Container\\BoundMethod.php(81): Illuminate\\Container\\Util::unwrapIfClosure(Object(Closure))
#17 C:\\Users\\User\\Desktop\\laravel projects\\chatbot\\vendor\\laravel\\framework\\src\\Illuminate\\Container\\BoundMethod.php(37): Illuminate\\Container\\BoundMethod::callBoundMethod(Object(Illuminate\\Foundation\\Application), Object(Closure), Object(Closure))
#18 C:\\Users\\User\\Desktop\\laravel projects\\chatbot\\vendor\\laravel\\framework\\src\\Illuminate\\Container\\Container.php(653): Illuminate\\Container\\BoundMethod::call(Object(Illuminate\\Foundation\\Application), Object(Closure), Array, NULL)
#19 C:\\Users\\User\\Desktop\\laravel projects\\chatbot\\vendor\\laravel\\framework\\src\\Illuminate\\Foundation\\Support\\Providers\\RouteServiceProvider.php(120): Illuminate\\Container\\Container->call(Object(Closure))
#20 C:\\Users\\User\\Desktop\\laravel projects\\chatbot\\vendor\\laravel\\framework\\src\\Illuminate\\Foundation\\Support\\Providers\\RouteServiceProvider.php(45): Illuminate\\Foundation\\Support\\Providers\\RouteServiceProvider->loadRoutes()
#21 C:\\Users\\User\\Desktop\\laravel projects\\chatbot\\vendor\\laravel\\framework\\src\\Illuminate\\Container\\BoundMethod.php(36): Illuminate\\Foundation\\Support\\Providers\\RouteServiceProvider->Illuminate\\Foundation\\Support\\Providers\\{closure}()
#22 C:\\Users\\User\\Desktop\\laravel projects\\chatbot\\vendor\\laravel\\framework\\src\\Illuminate\\Container\\Util.php(40): Illuminate\\Container\\BoundMethod::Illuminate\\Container\\{closure}()
#23 C:\\Users\\User\\Desktop\\laravel projects\\chatbot\\vendor\\laravel\\framework\\src\\Illuminate\\Container\\BoundMethod.php(81): Illuminate\\Container\\Util::unwrapIfClosure(Object(Closure))
#24 C:\\Users\\User\\Desktop\\laravel projects\\chatbot\\vendor\\laravel\\framework\\src\\Illuminate\\Container\\BoundMethod.php(37): Illuminate\\Container\\BoundMethod::callBoundMethod(Object(Illuminate\\Foundation\\Application), Object(Closure), Object(Closure))
#25 C:\\Users\\User\\Desktop\\laravel projects\\chatbot\\vendor\\laravel\\framework\\src\\Illuminate\\Container\\Container.php(653): Illuminate\\Container\\BoundMethod::call(Object(Illuminate\\Foundation\\Application), Object(Closure), Array, NULL)
#26 C:\\Users\\User\\Desktop\\laravel projects\\chatbot\\vendor\\laravel\\framework\\src\\Illuminate\\Support\\ServiceProvider.php(119): Illuminate\\Container\\Container->call(Object(Closure))
#27 C:\\Users\\User\\Desktop\\laravel projects\\chatbot\\vendor\\laravel\\framework\\src\\Illuminate\\Foundation\\Application.php(927): Illuminate\\Support\\ServiceProvider->callBootedCallbacks()
#28 C:\\Users\\User\\Desktop\\laravel projects\\chatbot\\vendor\\laravel\\framework\\src\\Illuminate\\Foundation\\Application.php(905): Illuminate\\Foundation\\Application->bootProvider(Object(App\\Providers\\RouteServiceProvider))
#29 [internal function]: Illuminate\\Foundation\\Application->Illuminate\\Foundation\\{closure}(Object(App\\Providers\\RouteServiceProvider), 26)
#30 C:\\Users\\User\\Desktop\\laravel projects\\chatbot\\vendor\\laravel\\framework\\src\\Illuminate\\Foundation\\Application.php(906): array_walk(Array, Object(Closure))
#31 C:\\Users\\User\\Desktop\\laravel projects\\chatbot\\vendor\\laravel\\framework\\src\\Illuminate\\Foundation\\Bootstrap\\BootProviders.php(17): Illuminate\\Foundation\\Application->boot()
#32 C:\\Users\\User\\Desktop\\laravel projects\\chatbot\\vendor\\laravel\\framework\\src\\Illuminate\\Foundation\\Application.php(237): Illuminate\\Foundation\\Bootstrap\\BootProviders->bootstrap(Object(Illuminate\\Foundation\\Application))
#33 C:\\Users\\User\\Desktop\\laravel projects\\chatbot\\vendor\\laravel\\framework\\src\\Illuminate\\Foundation\\Console\\Kernel.php(310): Illuminate\\Foundation\\Application->bootstrapWith(Array)
#34 C:\\Users\\User\\Desktop\\laravel projects\\chatbot\\vendor\\laravel\\framework\\src\\Illuminate\\Foundation\\Console\\Kernel.php(127): Illuminate\\Foundation\\Console\\Kernel->bootstrap()
#35 Command line code(1): Illuminate\\Foundation\\Console\\Kernel->handle(Object(Symfony\\Component\\Console\\Input\\ArgvInput), Object(Symfony\\Component\\Console\\Output\\ConsoleOutput))
#36 {main}
"} 
